  Main.cpp
C:\Users\nuke\source\repos\TemplateProject\LogicSimulator\Simulator.h(60,49): warning C4805: '!=': unsafe mix of type 'objType' and type 'bool' in operation
C:\Users\nuke\source\repos\TemplateProject\LogicSimulator\Main.cpp(83,84): warning C4244: 'argument': conversion from 'T' to 'float', possible loss of data
          with
          [
              T=int
          ]
C:\Users\nuke\source\repos\TemplateProject\LogicSimulator\Main.cpp(83,72): warning C4244: 'argument': conversion from 'T' to 'float', possible loss of data
          with
          [
              T=int
          ]
C:\Users\nuke\source\repos\TemplateProject\LogicSimulator\Main.cpp(102,25): warning C4552: '!': result of expression not used
C:\Users\nuke\source\repos\TemplateProject\LogicSimulator\Main.cpp(109,84): warning C4244: 'argument': conversion from 'T' to 'float', possible loss of data
          with
          [
              T=int
          ]
C:\Users\nuke\source\repos\TemplateProject\LogicSimulator\Main.cpp(109,72): warning C4244: 'argument': conversion from 'T' to 'float', possible loss of data
          with
          [
              T=int
          ]
C:\Users\nuke\source\repos\TemplateProject\LogicSimulator\Main.cpp(114,80): warning C4244: 'argument': conversion from 'T' to 'float', possible loss of data
          with
          [
              T=int
          ]
C:\Users\nuke\source\repos\TemplateProject\LogicSimulator\Main.cpp(113,80): warning C4244: 'argument': conversion from 'T' to 'float', possible loss of data
          with
          [
              T=int
          ]
C:\Users\nuke\source\repos\TemplateProject\LogicSimulator\Main.cpp(126,77): warning C4244: 'argument': conversion from 'T' to 'float', possible loss of data
          with
          [
              T=int
          ]
C:\Users\nuke\source\repos\TemplateProject\LogicSimulator\Main.cpp(126,65): warning C4244: 'argument': conversion from 'T' to 'float', possible loss of data
          with
          [
              T=int
          ]
C:\Users\nuke\source\repos\TemplateProject\LogicSimulator\Main.cpp(128,71): warning C4244: 'argument': conversion from 'T' to 'float', possible loss of data
          with
          [
              T=int
          ]
C:\Users\nuke\source\repos\TemplateProject\LogicSimulator\Main.cpp(128,59): warning C4244: 'argument': conversion from 'T' to 'float', possible loss of data
          with
          [
              T=int
          ]
C:\Users\nuke\source\repos\TemplateProject\LogicSimulator\Main.cpp(132,108): warning C4244: 'argument': conversion from 'T' to 'float', possible loss of data
          with
          [
              T=int
          ]
C:\Users\nuke\source\repos\TemplateProject\LogicSimulator\Main.cpp(132,96): warning C4244: 'argument': conversion from 'T' to 'float', possible loss of data
          with
          [
              T=int
          ]
C:\Users\nuke\source\repos\TemplateProject\LogicSimulator\Main.cpp(137,50): warning C4244: 'argument': conversion from 'T' to 'float', possible loss of data
          with
          [
              T=int
          ]
C:\Users\nuke\source\repos\TemplateProject\LogicSimulator\Main.cpp(137,38): warning C4244: 'argument': conversion from 'T' to 'float', possible loss of data
          with
          [
              T=int
          ]
C:\Users\nuke\source\repos\TemplateProject\LogicSimulator\Main.cpp(144,76): warning C4244: 'argument': conversion from 'T' to 'float', possible loss of data
          with
          [
              T=int
          ]
C:\Users\nuke\source\repos\TemplateProject\LogicSimulator\Main.cpp(144,64): warning C4244: 'argument': conversion from 'T' to 'float', possible loss of data
          with
          [
              T=int
          ]
C:\Users\nuke\source\repos\TemplateProject\LogicSimulator\Main.cpp(162,60): warning C4244: 'argument': conversion from 'T' to 'float', possible loss of data
          with
          [
              T=int
          ]
C:\Users\nuke\source\repos\TemplateProject\LogicSimulator\Main.cpp(162,48): warning C4244: 'argument': conversion from 'T' to 'float', possible loss of data
          with
          [
              T=int
          ]
C:\Users\nuke\source\repos\TemplateProject\LogicSimulator\Main.cpp(168,77): warning C4244: 'argument': conversion from 'T' to 'float', possible loss of data
          with
          [
              T=int
          ]
C:\Users\nuke\source\repos\TemplateProject\LogicSimulator\Main.cpp(168,65): warning C4244: 'argument': conversion from 'T' to 'float', possible loss of data
          with
          [
              T=int
          ]
C:\Users\nuke\source\repos\TemplateProject\LogicSimulator\Main.cpp(182,80): warning C4244: 'argument': conversion from 'T' to 'float', possible loss of data
          with
          [
              T=int
          ]
C:\Users\nuke\source\repos\TemplateProject\LogicSimulator\Main.cpp(182,68): warning C4244: 'argument': conversion from 'T' to 'float', possible loss of data
          with
          [
              T=int
          ]
C:\Users\nuke\source\repos\TemplateProject\LogicSimulator\Main.cpp(184,94): warning C4244: 'argument': conversion from 'T' to 'float', possible loss of data
          with
          [
              T=int
          ]
C:\Users\nuke\source\repos\TemplateProject\LogicSimulator\Main.cpp(184,82): warning C4244: 'argument': conversion from 'T' to 'float', possible loss of data
          with
          [
              T=int
          ]
C:\Users\nuke\source\repos\TemplateProject\LogicSimulator\Main.cpp(187,76): warning C4244: 'argument': conversion from 'T' to 'float', possible loss of data
          with
          [
              T=int
          ]
C:\Users\nuke\source\repos\TemplateProject\LogicSimulator\Main.cpp(186,76): warning C4244: 'argument': conversion from 'T' to 'float', possible loss of data
          with
          [
              T=int
          ]
C:\Users\nuke\source\repos\TemplateProject\LogicSimulator\Main.cpp(194,69): warning C4244: 'argument': conversion from 'T' to 'float', possible loss of data
          with
          [
              T=int
          ]
C:\Users\nuke\source\repos\TemplateProject\LogicSimulator\Main.cpp(193,69): warning C4244: 'argument': conversion from 'T' to 'float', possible loss of data
          with
          [
              T=int
          ]
C:\Users\nuke\source\repos\TemplateProject\LogicSimulator\Simulator.h(483): warning C4715: 'Simulator::createObjectbyType': not all control paths return a value
  LogicSimulator.vcxproj -> C:\Users\nuke\source\repos\TemplateProject\Debug\LogicSimulator.exe
