  Main.cpp
C:\Users\nuke\source\repos\TemplateProject\LogicSimulator\Main.cpp(73,68): warning C4244: 'argument': conversion from 'T' to 'float', possible loss of data
          with
          [
              T=int
          ]
C:\Users\nuke\source\repos\TemplateProject\LogicSimulator\Main.cpp(73,56): warning C4244: 'argument': conversion from 'T' to 'float', possible loss of data
          with
          [
              T=int
          ]
C:\Users\nuke\source\repos\TemplateProject\LogicSimulator\Main.cpp(74,55): warning C4244: 'argument': conversion from 'T' to 'float', possible loss of data
          with
          [
              T=int
          ]
C:\Users\nuke\source\repos\TemplateProject\LogicSimulator\Main.cpp(74,43): warning C4244: 'argument': conversion from 'T' to 'float', possible loss of data
          with
          [
              T=int
          ]
C:\Users\nuke\source\repos\TemplateProject\LogicSimulator\Main.cpp(82,77): warning C4244: 'argument': conversion from 'T' to 'float', possible loss of data
          with
          [
              T=int
          ]
C:\Users\nuke\source\repos\TemplateProject\LogicSimulator\Main.cpp(82,65): warning C4244: 'argument': conversion from 'T' to 'float', possible loss of data
          with
          [
              T=int
          ]
C:\Users\nuke\source\repos\TemplateProject\LogicSimulator\Main.cpp(84,65): warning C4244: 'argument': conversion from 'T' to 'float', possible loss of data
          with
          [
              T=int
          ]
C:\Users\nuke\source\repos\TemplateProject\LogicSimulator\Main.cpp(84,53): warning C4244: 'argument': conversion from 'T' to 'float', possible loss of data
          with
          [
              T=int
          ]
C:\Users\nuke\source\repos\TemplateProject\LogicSimulator\Main.cpp(88,104): warning C4244: 'argument': conversion from 'T' to 'float', possible loss of data
          with
          [
              T=int
          ]
C:\Users\nuke\source\repos\TemplateProject\LogicSimulator\Main.cpp(88,92): warning C4244: 'argument': conversion from 'T' to 'float', possible loss of data
          with
          [
              T=int
          ]
C:\Users\nuke\source\repos\TemplateProject\LogicSimulator\Main.cpp(89,72): warning C4244: 'argument': conversion from 'T' to 'float', possible loss of data
          with
          [
              T=int
          ]
C:\Users\nuke\source\repos\TemplateProject\LogicSimulator\Main.cpp(89,60): warning C4244: 'argument': conversion from 'T' to 'float', possible loss of data
          with
          [
              T=int
          ]
C:\Users\nuke\source\repos\TemplateProject\LogicSimulator\Main.cpp(107,71): warning C4244: 'argument': conversion from 'T' to 'float', possible loss of data
          with
          [
              T=int
          ]
C:\Users\nuke\source\repos\TemplateProject\LogicSimulator\Main.cpp(107,59): warning C4244: 'argument': conversion from 'T' to 'float', possible loss of data
          with
          [
              T=int
          ]
  Pin.cpp
  Wire.cpp
  Generating code
  Previous IPDB not found, fall back to full compilation.
  All 137 functions were compiled because no usable IPDB/IOBJ from previous compilation was found.
  Finished generating code
  LogicSimulator.vcxproj -> C:\Users\nuke\source\repos\TemplateProject\Release\LogicSimulator.exe
